mode: set
github.com/cledupe/go-kanban/backend/internal/domain/errors.go:16.41,18.2 1 0
github.com/cledupe/go-kanban/backend/internal/http/readiness.go:12.63,17.2 3 1
github.com/cledupe/go-kanban/backend/internal/http/router.go:15.54,36.2 15 1
github.com/cledupe/go-kanban/backend/internal/domain/errors.go:16.41,18.2 1 0
github.com/cledupe/go-kanban/backend/internal/service/board_service.go:21.17,27.2 1 1
github.com/cledupe/go-kanban/backend/internal/service/board_service.go:33.80,35.2 1 1
github.com/cledupe/go-kanban/backend/internal/service/board_service.go:37.103,38.41 1 1
github.com/cledupe/go-kanban/backend/internal/service/board_service.go:38.41,40.3 1 1
github.com/cledupe/go-kanban/backend/internal/service/board_service.go:42.2,42.83 1 1
github.com/cledupe/go-kanban/backend/internal/service/board_service.go:45.98,47.16 2 1
github.com/cledupe/go-kanban/backend/internal/service/board_service.go:47.16,49.3 1 1
github.com/cledupe/go-kanban/backend/internal/service/board_service.go:51.2,52.16 2 1
github.com/cledupe/go-kanban/backend/internal/service/board_service.go:52.16,54.3 1 0
github.com/cledupe/go-kanban/backend/internal/service/board_service.go:56.2,57.30 2 1
github.com/cledupe/go-kanban/backend/internal/service/board_service.go:57.30,59.17 2 1
github.com/cledupe/go-kanban/backend/internal/service/board_service.go:59.17,61.4 1 0
github.com/cledupe/go-kanban/backend/internal/service/board_service.go:62.3,65.5 1 1
github.com/cledupe/go-kanban/backend/internal/service/board_service.go:68.2,68.20 1 1
github.com/cledupe/go-kanban/backend/internal/service/board_service.go:71.108,72.35 1 1
github.com/cledupe/go-kanban/backend/internal/service/board_service.go:72.35,74.3 1 1
github.com/cledupe/go-kanban/backend/internal/service/board_service.go:76.2,77.16 2 1
github.com/cledupe/go-kanban/backend/internal/service/board_service.go:77.16,79.3 1 1
github.com/cledupe/go-kanban/backend/internal/service/board_service.go:81.2,82.39 2 1
github.com/cledupe/go-kanban/backend/internal/service/board_service.go:85.79,87.40 2 1
github.com/cledupe/go-kanban/backend/internal/service/board_service.go:87.40,89.3 1 1
github.com/cledupe/go-kanban/backend/internal/service/board_service.go:90.2,90.12 1 1
github.com/cledupe/go-kanban/backend/internal/service/card_service.go:19.16,24.2 1 1
github.com/cledupe/go-kanban/backend/internal/service/card_service.go:32.99,33.42 1 1
github.com/cledupe/go-kanban/backend/internal/service/card_service.go:33.42,35.3 1 1
github.com/cledupe/go-kanban/backend/internal/service/card_service.go:37.2,37.69 1 1
github.com/cledupe/go-kanban/backend/internal/service/card_service.go:37.69,39.3 1 1
github.com/cledupe/go-kanban/backend/internal/service/card_service.go:41.2,42.16 2 1
github.com/cledupe/go-kanban/backend/internal/service/card_service.go:42.16,44.3 1 0
github.com/cledupe/go-kanban/backend/internal/service/card_service.go:46.2,47.26 2 1
github.com/cledupe/go-kanban/backend/internal/service/card_service.go:47.26,48.28 1 1
github.com/cledupe/go-kanban/backend/internal/service/card_service.go:48.28,50.4 1 1
github.com/cledupe/go-kanban/backend/internal/service/card_service.go:53.2,58.4 1 1
github.com/cledupe/go-kanban/backend/internal/service/card_service.go:67.99,69.16 2 1
github.com/cledupe/go-kanban/backend/internal/service/card_service.go:69.16,71.3 1 1
github.com/cledupe/go-kanban/backend/internal/service/card_service.go:73.2,73.24 1 1
github.com/cledupe/go-kanban/backend/internal/service/card_service.go:73.24,74.44 1 1
github.com/cledupe/go-kanban/backend/internal/service/card_service.go:74.44,76.4 1 1
github.com/cledupe/go-kanban/backend/internal/service/card_service.go:77.3,77.47 1 1
github.com/cledupe/go-kanban/backend/internal/service/card_service.go:80.2,80.30 1 1
github.com/cledupe/go-kanban/backend/internal/service/card_service.go:80.30,82.3 1 1
github.com/cledupe/go-kanban/backend/internal/service/card_service.go:84.2,84.37 1 1
github.com/cledupe/go-kanban/backend/internal/service/card_service.go:93.80,94.65 1 1
github.com/cledupe/go-kanban/backend/internal/service/card_service.go:94.65,96.3 1 1
github.com/cledupe/go-kanban/backend/internal/service/card_service.go:98.2,98.75 1 1
github.com/cledupe/go-kanban/backend/internal/service/card_service.go:98.75,100.3 1 1
github.com/cledupe/go-kanban/backend/internal/service/card_service.go:102.2,102.24 1 1
github.com/cledupe/go-kanban/backend/internal/service/card_service.go:102.24,104.3 1 1
github.com/cledupe/go-kanban/backend/internal/service/card_service.go:106.2,106.81 1 1
github.com/cledupe/go-kanban/backend/internal/service/card_service.go:109.76,111.40 2 1
github.com/cledupe/go-kanban/backend/internal/service/card_service.go:111.40,113.3 1 1
github.com/cledupe/go-kanban/backend/internal/service/card_service.go:114.2,114.12 1 1
github.com/cledupe/go-kanban/backend/internal/service/column_service.go:19.18,24.2 1 1
github.com/cledupe/go-kanban/backend/internal/service/column_service.go:31.107,32.41 1 1
github.com/cledupe/go-kanban/backend/internal/service/column_service.go:32.41,34.3 1 1
github.com/cledupe/go-kanban/backend/internal/service/column_service.go:36.2,36.67 1 1
github.com/cledupe/go-kanban/backend/internal/service/column_service.go:36.67,38.3 1 1
github.com/cledupe/go-kanban/backend/internal/service/column_service.go:40.2,41.16 2 1
github.com/cledupe/go-kanban/backend/internal/service/column_service.go:41.16,43.3 1 0
github.com/cledupe/go-kanban/backend/internal/service/column_service.go:45.2,46.30 2 1
github.com/cledupe/go-kanban/backend/internal/service/column_service.go:46.30,47.30 1 1
github.com/cledupe/go-kanban/backend/internal/service/column_service.go:47.30,49.4 1 1
github.com/cledupe/go-kanban/backend/internal/service/column_service.go:52.2,56.4 1 1
github.com/cledupe/go-kanban/backend/internal/service/column_service.go:65.107,67.16 2 1
github.com/cledupe/go-kanban/backend/internal/service/column_service.go:67.16,69.3 1 1
github.com/cledupe/go-kanban/backend/internal/service/column_service.go:71.2,71.23 1 1
github.com/cledupe/go-kanban/backend/internal/service/column_service.go:71.23,72.43 1 1
github.com/cledupe/go-kanban/backend/internal/service/column_service.go:72.43,74.4 1 1
github.com/cledupe/go-kanban/backend/internal/service/column_service.go:75.3,75.44 1 1
github.com/cledupe/go-kanban/backend/internal/service/column_service.go:78.2,78.27 1 1
github.com/cledupe/go-kanban/backend/internal/service/column_service.go:78.27,80.3 1 1
github.com/cledupe/go-kanban/backend/internal/service/column_service.go:82.2,82.38 1 1
github.com/cledupe/go-kanban/backend/internal/service/column_service.go:85.82,87.40 2 1
github.com/cledupe/go-kanban/backend/internal/service/column_service.go:87.40,89.3 1 1
github.com/cledupe/go-kanban/backend/internal/service/column_service.go:90.2,90.12 1 1
github.com/cledupe/go-kanban/backend/internal/domain/errors.go:16.41,18.2 1 0
github.com/cledupe/go-kanban/backend/cmd/api/main.go:13.13,17.58 3 1
github.com/cledupe/go-kanban/backend/cmd/api/main.go:17.58,19.3 1 1
github.com/cledupe/go-kanban/backend/cmd/api/main.go:22.115,24.16 2 1
github.com/cledupe/go-kanban/backend/cmd/api/main.go:24.16,26.3 1 1
github.com/cledupe/go-kanban/backend/cmd/api/main.go:28.2,28.22 1 1
github.com/cledupe/go-kanban/backend/internal/domain/errors.go:16.41,18.2 1 0
github.com/cledupe/go-kanban/backend/internal/app/app.go:26.36,27.39 1 1
github.com/cledupe/go-kanban/backend/internal/app/app.go:27.39,29.3 1 1
github.com/cledupe/go-kanban/backend/internal/app/app.go:31.2,32.16 2 1
github.com/cledupe/go-kanban/backend/internal/app/app.go:32.16,34.3 1 0
github.com/cledupe/go-kanban/backend/internal/app/app.go:36.2,36.49 1 1
github.com/cledupe/go-kanban/backend/internal/app/app.go:36.49,38.3 1 0
github.com/cledupe/go-kanban/backend/internal/app/app.go:40.2,69.8 12 1
github.com/cledupe/go-kanban/backend/internal/app/app.go:72.49,74.16 2 1
github.com/cledupe/go-kanban/backend/internal/app/app.go:74.16,76.3 1 0
github.com/cledupe/go-kanban/backend/internal/app/app.go:78.2,79.12 2 1
github.com/cledupe/go-kanban/backend/internal/app/app.go:79.12,81.3 1 1
github.com/cledupe/go-kanban/backend/internal/app/app.go:83.2,83.9 1 1
github.com/cledupe/go-kanban/backend/internal/app/app.go:84.20,86.28 2 1
github.com/cledupe/go-kanban/backend/internal/app/app.go:86.28,87.49 1 0
github.com/cledupe/go-kanban/backend/internal/app/app.go:87.49,89.5 1 0
github.com/cledupe/go-kanban/backend/internal/app/app.go:91.3,93.43 3 1
github.com/cledupe/go-kanban/backend/internal/app/app.go:94.22,95.43 1 1
github.com/cledupe/go-kanban/backend/internal/app/app.go:95.43,97.4 1 1
github.com/cledupe/go-kanban/backend/internal/app/app.go:98.3,98.13 1 1
github.com/cledupe/go-kanban/backend/internal/app/app.go:102.50,104.2 1 1
github.com/cledupe/go-kanban/backend/internal/app/app.go:106.38,108.2 1 1
github.com/cledupe/go-kanban/backend/internal/app/app.go:110.51,112.2 1 1
github.com/cledupe/go-kanban/backend/internal/app/app.go:114.31,116.2 1 0
github.com/cledupe/go-kanban/backend/internal/app/config.go:17.42,19.2 1 1
github.com/cledupe/go-kanban/backend/internal/app/config.go:21.61,28.39 2 1
github.com/cledupe/go-kanban/backend/internal/app/config.go:28.39,30.3 1 1
github.com/cledupe/go-kanban/backend/internal/app/config.go:32.2,32.17 1 1
github.com/cledupe/go-kanban/backend/internal/app/config.go:35.34,36.18 1 1
github.com/cledupe/go-kanban/backend/internal/app/config.go:36.18,38.3 1 1
github.com/cledupe/go-kanban/backend/internal/app/config.go:40.2,40.18 1 1
github.com/cledupe/go-kanban/backend/internal/app/config.go:40.18,42.3 1 1
github.com/cledupe/go-kanban/backend/internal/app/config.go:44.2,45.16 2 1
github.com/cledupe/go-kanban/backend/internal/app/config.go:45.16,47.3 1 1
github.com/cledupe/go-kanban/backend/internal/app/config.go:49.2,49.30 1 1
github.com/cledupe/go-kanban/backend/internal/app/config.go:49.30,51.3 1 0
github.com/cledupe/go-kanban/backend/internal/app/config.go:53.2,53.20 1 1
github.com/cledupe/go-kanban/backend/internal/app/config.go:53.20,55.3 1 1
github.com/cledupe/go-kanban/backend/internal/app/config.go:57.2,57.12 1 1
github.com/cledupe/go-kanban/backend/internal/app/config.go:60.34,62.2 1 1
github.com/cledupe/go-kanban/backend/internal/domain/errors.go:16.41,18.2 1 0
github.com/cledupe/go-kanban/backend/internal/domain/errors.go:16.41,18.2 1 0
github.com/cledupe/go-kanban/backend/internal/storage/sqlite/board_repo.go:17.50,19.2 1 1
github.com/cledupe/go-kanban/backend/internal/storage/sqlite/board_repo.go:21.97,22.20 1 1
github.com/cledupe/go-kanban/backend/internal/storage/sqlite/board_repo.go:22.20,24.3 1 1
github.com/cledupe/go-kanban/backend/internal/storage/sqlite/board_repo.go:25.2,25.30 1 1
github.com/cledupe/go-kanban/backend/internal/storage/sqlite/board_repo.go:25.30,27.3 1 1
github.com/cledupe/go-kanban/backend/internal/storage/sqlite/board_repo.go:28.2,28.30 1 1
github.com/cledupe/go-kanban/backend/internal/storage/sqlite/board_repo.go:28.30,30.3 1 1
github.com/cledupe/go-kanban/backend/internal/storage/sqlite/board_repo.go:32.2,36.16 2 1
github.com/cledupe/go-kanban/backend/internal/storage/sqlite/board_repo.go:36.16,38.3 1 0
github.com/cledupe/go-kanban/backend/internal/storage/sqlite/board_repo.go:40.2,40.19 1 1
github.com/cledupe/go-kanban/backend/internal/storage/sqlite/board_repo.go:43.89,49.73 4 1
github.com/cledupe/go-kanban/backend/internal/storage/sqlite/board_repo.go:49.73,50.27 1 1
github.com/cledupe/go-kanban/backend/internal/storage/sqlite/board_repo.go:50.27,52.4 1 1
github.com/cledupe/go-kanban/backend/internal/storage/sqlite/board_repo.go:53.3,53.65 1 0
github.com/cledupe/go-kanban/backend/internal/storage/sqlite/board_repo.go:56.2,59.15 3 1
github.com/cledupe/go-kanban/backend/internal/storage/sqlite/board_repo.go:62.77,65.16 2 1
github.com/cledupe/go-kanban/backend/internal/storage/sqlite/board_repo.go:65.16,67.3 1 0
github.com/cledupe/go-kanban/backend/internal/storage/sqlite/board_repo.go:68.2,71.18 3 1
github.com/cledupe/go-kanban/backend/internal/storage/sqlite/board_repo.go:71.18,74.75 3 1
github.com/cledupe/go-kanban/backend/internal/storage/sqlite/board_repo.go:74.75,76.4 1 0
github.com/cledupe/go-kanban/backend/internal/storage/sqlite/board_repo.go:77.3,79.29 3 1
github.com/cledupe/go-kanban/backend/internal/storage/sqlite/board_repo.go:82.2,82.27 1 1
github.com/cledupe/go-kanban/backend/internal/storage/sqlite/board_repo.go:85.97,92.16 3 1
github.com/cledupe/go-kanban/backend/internal/storage/sqlite/board_repo.go:92.16,94.3 1 0
github.com/cledupe/go-kanban/backend/internal/storage/sqlite/board_repo.go:96.2,97.19 2 1
github.com/cledupe/go-kanban/backend/internal/storage/sqlite/board_repo.go:97.19,99.3 1 0
github.com/cledupe/go-kanban/backend/internal/storage/sqlite/board_repo.go:101.2,101.19 1 1
github.com/cledupe/go-kanban/backend/internal/storage/sqlite/board_repo.go:104.72,106.16 2 1
github.com/cledupe/go-kanban/backend/internal/storage/sqlite/board_repo.go:106.16,108.3 1 0
github.com/cledupe/go-kanban/backend/internal/storage/sqlite/board_repo.go:110.2,111.19 2 1
github.com/cledupe/go-kanban/backend/internal/storage/sqlite/board_repo.go:111.19,113.3 1 1
github.com/cledupe/go-kanban/backend/internal/storage/sqlite/board_repo.go:115.2,115.12 1 1
github.com/cledupe/go-kanban/backend/internal/storage/sqlite/card_repo.go:17.48,19.2 1 1
github.com/cledupe/go-kanban/backend/internal/storage/sqlite/card_repo.go:21.93,22.19 1 1
github.com/cledupe/go-kanban/backend/internal/storage/sqlite/card_repo.go:22.19,24.3 1 1
github.com/cledupe/go-kanban/backend/internal/storage/sqlite/card_repo.go:25.2,25.29 1 1
github.com/cledupe/go-kanban/backend/internal/storage/sqlite/card_repo.go:25.29,27.3 1 1
github.com/cledupe/go-kanban/backend/internal/storage/sqlite/card_repo.go:28.2,28.29 1 1
github.com/cledupe/go-kanban/backend/internal/storage/sqlite/card_repo.go:28.29,30.3 1 1
github.com/cledupe/go-kanban/backend/internal/storage/sqlite/card_repo.go:32.2,37.16 2 1
github.com/cledupe/go-kanban/backend/internal/storage/sqlite/card_repo.go:37.16,39.3 1 0
github.com/cledupe/go-kanban/backend/internal/storage/sqlite/card_repo.go:41.2,41.18 1 1
github.com/cledupe/go-kanban/backend/internal/storage/sqlite/card_repo.go:44.87,50.116 4 1
github.com/cledupe/go-kanban/backend/internal/storage/sqlite/card_repo.go:50.116,51.27 1 1
github.com/cledupe/go-kanban/backend/internal/storage/sqlite/card_repo.go:51.27,53.4 1 1
github.com/cledupe/go-kanban/backend/internal/storage/sqlite/card_repo.go:54.3,54.63 1 0
github.com/cledupe/go-kanban/backend/internal/storage/sqlite/card_repo.go:57.2,60.15 3 1
github.com/cledupe/go-kanban/backend/internal/storage/sqlite/card_repo.go:63.102,66.16 2 1
github.com/cledupe/go-kanban/backend/internal/storage/sqlite/card_repo.go:66.16,68.3 1 0
github.com/cledupe/go-kanban/backend/internal/storage/sqlite/card_repo.go:69.2,72.18 3 1
github.com/cledupe/go-kanban/backend/internal/storage/sqlite/card_repo.go:72.18,75.118 3 1
github.com/cledupe/go-kanban/backend/internal/storage/sqlite/card_repo.go:75.118,77.4 1 0
github.com/cledupe/go-kanban/backend/internal/storage/sqlite/card_repo.go:78.3,80.27 3 1
github.com/cledupe/go-kanban/backend/internal/storage/sqlite/card_repo.go:83.2,83.26 1 1
github.com/cledupe/go-kanban/backend/internal/storage/sqlite/card_repo.go:86.93,93.16 3 1
github.com/cledupe/go-kanban/backend/internal/storage/sqlite/card_repo.go:93.16,95.3 1 0
github.com/cledupe/go-kanban/backend/internal/storage/sqlite/card_repo.go:97.2,98.19 2 1
github.com/cledupe/go-kanban/backend/internal/storage/sqlite/card_repo.go:98.19,100.3 1 0
github.com/cledupe/go-kanban/backend/internal/storage/sqlite/card_repo.go:102.2,102.18 1 1
github.com/cledupe/go-kanban/backend/internal/storage/sqlite/card_repo.go:105.71,107.16 2 1
github.com/cledupe/go-kanban/backend/internal/storage/sqlite/card_repo.go:107.16,109.3 1 0
github.com/cledupe/go-kanban/backend/internal/storage/sqlite/card_repo.go:111.2,112.19 2 1
github.com/cledupe/go-kanban/backend/internal/storage/sqlite/card_repo.go:112.19,114.3 1 1
github.com/cledupe/go-kanban/backend/internal/storage/sqlite/card_repo.go:116.2,116.12 1 1
github.com/cledupe/go-kanban/backend/internal/storage/sqlite/card_repo.go:119.110,126.16 3 1
github.com/cledupe/go-kanban/backend/internal/storage/sqlite/card_repo.go:126.16,128.3 1 0
github.com/cledupe/go-kanban/backend/internal/storage/sqlite/card_repo.go:130.2,131.19 2 1
github.com/cledupe/go-kanban/backend/internal/storage/sqlite/card_repo.go:131.19,133.3 1 1
github.com/cledupe/go-kanban/backend/internal/storage/sqlite/card_repo.go:135.2,135.12 1 1
github.com/cledupe/go-kanban/backend/internal/storage/sqlite/column_repo.go:17.52,19.2 1 1
github.com/cledupe/go-kanban/backend/internal/storage/sqlite/column_repo.go:21.101,22.21 1 1
github.com/cledupe/go-kanban/backend/internal/storage/sqlite/column_repo.go:22.21,24.3 1 1
github.com/cledupe/go-kanban/backend/internal/storage/sqlite/column_repo.go:25.2,25.31 1 1
github.com/cledupe/go-kanban/backend/internal/storage/sqlite/column_repo.go:25.31,27.3 1 1
github.com/cledupe/go-kanban/backend/internal/storage/sqlite/column_repo.go:28.2,28.31 1 1
github.com/cledupe/go-kanban/backend/internal/storage/sqlite/column_repo.go:28.31,30.3 1 1
github.com/cledupe/go-kanban/backend/internal/storage/sqlite/column_repo.go:32.2,37.16 2 1
github.com/cledupe/go-kanban/backend/internal/storage/sqlite/column_repo.go:37.16,39.3 1 0
github.com/cledupe/go-kanban/backend/internal/storage/sqlite/column_repo.go:41.2,41.20 1 1
github.com/cledupe/go-kanban/backend/internal/storage/sqlite/column_repo.go:44.91,50.98 4 1
github.com/cledupe/go-kanban/backend/internal/storage/sqlite/column_repo.go:50.98,51.27 1 1
github.com/cledupe/go-kanban/backend/internal/storage/sqlite/column_repo.go:51.27,53.4 1 1
github.com/cledupe/go-kanban/backend/internal/storage/sqlite/column_repo.go:54.3,54.67 1 0
github.com/cledupe/go-kanban/backend/internal/storage/sqlite/column_repo.go:57.2,60.15 3 1
github.com/cledupe/go-kanban/backend/internal/storage/sqlite/column_repo.go:63.104,66.16 2 1
github.com/cledupe/go-kanban/backend/internal/storage/sqlite/column_repo.go:66.16,68.3 1 0
github.com/cledupe/go-kanban/backend/internal/storage/sqlite/column_repo.go:69.2,72.18 3 1
github.com/cledupe/go-kanban/backend/internal/storage/sqlite/column_repo.go:72.18,75.100 3 1
github.com/cledupe/go-kanban/backend/internal/storage/sqlite/column_repo.go:75.100,77.4 1 0
github.com/cledupe/go-kanban/backend/internal/storage/sqlite/column_repo.go:78.3,80.31 3 1
github.com/cledupe/go-kanban/backend/internal/storage/sqlite/column_repo.go:83.2,83.28 1 1
github.com/cledupe/go-kanban/backend/internal/storage/sqlite/column_repo.go:86.101,93.16 3 1
github.com/cledupe/go-kanban/backend/internal/storage/sqlite/column_repo.go:93.16,95.3 1 0
github.com/cledupe/go-kanban/backend/internal/storage/sqlite/column_repo.go:97.2,98.19 2 1
github.com/cledupe/go-kanban/backend/internal/storage/sqlite/column_repo.go:98.19,100.3 1 0
github.com/cledupe/go-kanban/backend/internal/storage/sqlite/column_repo.go:102.2,102.20 1 1
github.com/cledupe/go-kanban/backend/internal/storage/sqlite/column_repo.go:105.73,107.16 2 1
github.com/cledupe/go-kanban/backend/internal/storage/sqlite/column_repo.go:107.16,109.3 1 0
github.com/cledupe/go-kanban/backend/internal/storage/sqlite/column_repo.go:111.2,112.19 2 1
github.com/cledupe/go-kanban/backend/internal/storage/sqlite/column_repo.go:112.19,114.3 1 1
github.com/cledupe/go-kanban/backend/internal/storage/sqlite/column_repo.go:116.2,116.12 1 1
github.com/cledupe/go-kanban/backend/internal/storage/sqlite/connection.go:22.36,24.16 2 1
github.com/cledupe/go-kanban/backend/internal/storage/sqlite/connection.go:24.16,26.3 1 0
github.com/cledupe/go-kanban/backend/internal/storage/sqlite/connection.go:28.2,30.62 2 1
github.com/cledupe/go-kanban/backend/internal/storage/sqlite/connection.go:30.62,32.3 1 1
github.com/cledupe/go-kanban/backend/internal/storage/sqlite/connection.go:34.2,34.61 1 1
github.com/cledupe/go-kanban/backend/internal/storage/sqlite/connection.go:34.61,36.3 1 0
github.com/cledupe/go-kanban/backend/internal/storage/sqlite/connection.go:38.2,38.25 1 1
github.com/cledupe/go-kanban/backend/internal/storage/sqlite/connection.go:41.34,43.16 2 1
github.com/cledupe/go-kanban/backend/internal/storage/sqlite/connection.go:43.16,45.3 1 0
github.com/cledupe/go-kanban/backend/internal/storage/sqlite/connection.go:47.2,47.42 1 1
github.com/cledupe/go-kanban/backend/internal/storage/sqlite/connection.go:47.42,49.3 1 0
github.com/cledupe/go-kanban/backend/internal/storage/sqlite/connection.go:51.2,51.32 1 1
github.com/cledupe/go-kanban/backend/internal/storage/sqlite/connection.go:51.32,52.64 1 1
github.com/cledupe/go-kanban/backend/internal/storage/sqlite/connection.go:52.64,53.12 1 0
github.com/cledupe/go-kanban/backend/internal/storage/sqlite/connection.go:56.3,57.17 2 1
github.com/cledupe/go-kanban/backend/internal/storage/sqlite/connection.go:57.17,59.4 1 0
github.com/cledupe/go-kanban/backend/internal/storage/sqlite/connection.go:61.3,61.53 1 1
github.com/cledupe/go-kanban/backend/internal/storage/sqlite/connection.go:61.53,63.4 1 0
github.com/cledupe/go-kanban/backend/internal/storage/sqlite/connection.go:66.2,66.12 1 1
github.com/cledupe/go-kanban/backend/internal/domain/errors.go:16.41,18.2 1 0
github.com/cledupe/go-kanban/backend/internal/http/handlers/board_handler.go:14.52,16.2 1 1
github.com/cledupe/go-kanban/backend/internal/http/handlers/board_handler.go:18.69,20.16 2 1
github.com/cledupe/go-kanban/backend/internal/http/handlers/board_handler.go:20.16,23.3 2 0
github.com/cledupe/go-kanban/backend/internal/http/handlers/board_handler.go:25.2,25.37 1 1
github.com/cledupe/go-kanban/backend/internal/http/handlers/board_handler.go:28.71,30.61 2 1
github.com/cledupe/go-kanban/backend/internal/http/handlers/board_handler.go:30.61,33.3 2 1
github.com/cledupe/go-kanban/backend/internal/http/handlers/board_handler.go:35.2,36.16 2 1
github.com/cledupe/go-kanban/backend/internal/http/handlers/board_handler.go:36.16,39.3 2 0
github.com/cledupe/go-kanban/backend/internal/http/handlers/board_handler.go:41.2,41.41 1 1
github.com/cledupe/go-kanban/backend/internal/http/handlers/board_handler.go:44.68,46.14 2 1
github.com/cledupe/go-kanban/backend/internal/http/handlers/board_handler.go:46.14,49.3 2 0
github.com/cledupe/go-kanban/backend/internal/http/handlers/board_handler.go:51.2,52.16 2 1
github.com/cledupe/go-kanban/backend/internal/http/handlers/board_handler.go:52.16,55.3 2 1
github.com/cledupe/go-kanban/backend/internal/http/handlers/board_handler.go:57.2,57.37 1 1
github.com/cledupe/go-kanban/backend/internal/http/handlers/board_handler.go:60.71,62.14 2 1
github.com/cledupe/go-kanban/backend/internal/http/handlers/board_handler.go:62.14,65.3 2 0
github.com/cledupe/go-kanban/backend/internal/http/handlers/board_handler.go:67.2,68.61 2 1
github.com/cledupe/go-kanban/backend/internal/http/handlers/board_handler.go:68.61,71.3 2 0
github.com/cledupe/go-kanban/backend/internal/http/handlers/board_handler.go:73.2,74.16 2 1
github.com/cledupe/go-kanban/backend/internal/http/handlers/board_handler.go:74.16,77.3 2 1
github.com/cledupe/go-kanban/backend/internal/http/handlers/board_handler.go:79.2,79.36 1 1
github.com/cledupe/go-kanban/backend/internal/http/handlers/board_handler.go:82.71,84.14 2 1
github.com/cledupe/go-kanban/backend/internal/http/handlers/board_handler.go:84.14,87.3 2 0
github.com/cledupe/go-kanban/backend/internal/http/handlers/board_handler.go:89.2,89.68 1 1
github.com/cledupe/go-kanban/backend/internal/http/handlers/board_handler.go:89.68,92.3 2 1
github.com/cledupe/go-kanban/backend/internal/http/handlers/board_handler.go:94.2,94.37 1 1
github.com/cledupe/go-kanban/backend/internal/http/handlers/card_handler.go:14.49,16.2 1 1
github.com/cledupe/go-kanban/backend/internal/http/handlers/card_handler.go:18.70,20.20 2 1
github.com/cledupe/go-kanban/backend/internal/http/handlers/card_handler.go:20.20,23.3 2 0
github.com/cledupe/go-kanban/backend/internal/http/handlers/card_handler.go:25.2,26.61 2 1
github.com/cledupe/go-kanban/backend/internal/http/handlers/card_handler.go:26.61,29.3 2 1
github.com/cledupe/go-kanban/backend/internal/http/handlers/card_handler.go:31.2,36.16 2 1
github.com/cledupe/go-kanban/backend/internal/http/handlers/card_handler.go:36.16,39.3 2 0
github.com/cledupe/go-kanban/backend/internal/http/handlers/card_handler.go:41.2,41.40 1 1
github.com/cledupe/go-kanban/backend/internal/http/handlers/card_handler.go:44.70,46.14 2 1
github.com/cledupe/go-kanban/backend/internal/http/handlers/card_handler.go:46.14,49.3 2 0
github.com/cledupe/go-kanban/backend/internal/http/handlers/card_handler.go:51.2,52.61 2 1
github.com/cledupe/go-kanban/backend/internal/http/handlers/card_handler.go:52.61,55.3 2 0
github.com/cledupe/go-kanban/backend/internal/http/handlers/card_handler.go:57.2,62.16 2 1
github.com/cledupe/go-kanban/backend/internal/http/handlers/card_handler.go:62.16,65.3 2 1
github.com/cledupe/go-kanban/backend/internal/http/handlers/card_handler.go:67.2,67.35 1 1
github.com/cledupe/go-kanban/backend/internal/http/handlers/card_handler.go:70.68,72.14 2 1
github.com/cledupe/go-kanban/backend/internal/http/handlers/card_handler.go:72.14,75.3 2 0
github.com/cledupe/go-kanban/backend/internal/http/handlers/card_handler.go:77.2,78.61 2 1
github.com/cledupe/go-kanban/backend/internal/http/handlers/card_handler.go:78.61,81.3 2 0
github.com/cledupe/go-kanban/backend/internal/http/handlers/card_handler.go:83.2,87.17 1 1
github.com/cledupe/go-kanban/backend/internal/http/handlers/card_handler.go:87.17,90.3 2 1
github.com/cledupe/go-kanban/backend/internal/http/handlers/card_handler.go:92.2,93.16 2 1
github.com/cledupe/go-kanban/backend/internal/http/handlers/card_handler.go:93.16,96.3 2 0
github.com/cledupe/go-kanban/backend/internal/http/handlers/card_handler.go:98.2,98.35 1 1
github.com/cledupe/go-kanban/backend/internal/http/handlers/card_handler.go:101.70,103.14 2 1
github.com/cledupe/go-kanban/backend/internal/http/handlers/card_handler.go:103.14,106.3 2 0
github.com/cledupe/go-kanban/backend/internal/http/handlers/card_handler.go:108.2,108.66 1 1
github.com/cledupe/go-kanban/backend/internal/http/handlers/card_handler.go:108.66,111.3 2 1
github.com/cledupe/go-kanban/backend/internal/http/handlers/card_handler.go:113.2,113.37 1 1
github.com/cledupe/go-kanban/backend/internal/http/handlers/column_handler.go:14.55,16.2 1 1
github.com/cledupe/go-kanban/backend/internal/http/handlers/column_handler.go:18.72,20.19 2 1
github.com/cledupe/go-kanban/backend/internal/http/handlers/column_handler.go:20.19,23.3 2 0
github.com/cledupe/go-kanban/backend/internal/http/handlers/column_handler.go:25.2,26.61 2 1
github.com/cledupe/go-kanban/backend/internal/http/handlers/column_handler.go:26.61,29.3 2 0
github.com/cledupe/go-kanban/backend/internal/http/handlers/column_handler.go:31.2,35.16 2 1
github.com/cledupe/go-kanban/backend/internal/http/handlers/column_handler.go:35.16,38.3 2 1
github.com/cledupe/go-kanban/backend/internal/http/handlers/column_handler.go:40.2,40.39 1 1
github.com/cledupe/go-kanban/backend/internal/http/handlers/column_handler.go:43.72,45.14 2 1
github.com/cledupe/go-kanban/backend/internal/http/handlers/column_handler.go:45.14,48.3 2 0
github.com/cledupe/go-kanban/backend/internal/http/handlers/column_handler.go:50.2,51.61 2 1
github.com/cledupe/go-kanban/backend/internal/http/handlers/column_handler.go:51.61,54.3 2 0
github.com/cledupe/go-kanban/backend/internal/http/handlers/column_handler.go:56.2,61.16 2 1
github.com/cledupe/go-kanban/backend/internal/http/handlers/column_handler.go:61.16,64.3 2 1
github.com/cledupe/go-kanban/backend/internal/http/handlers/column_handler.go:66.2,66.34 1 1
github.com/cledupe/go-kanban/backend/internal/http/handlers/column_handler.go:69.72,71.14 2 1
github.com/cledupe/go-kanban/backend/internal/http/handlers/column_handler.go:71.14,74.3 2 0
github.com/cledupe/go-kanban/backend/internal/http/handlers/column_handler.go:76.2,76.70 1 1
github.com/cledupe/go-kanban/backend/internal/http/handlers/column_handler.go:76.70,79.3 2 1
github.com/cledupe/go-kanban/backend/internal/http/handlers/column_handler.go:81.2,81.37 1 1
github.com/cledupe/go-kanban/backend/internal/http/handlers/error.go:11.58,15.2 3 1
github.com/cledupe/go-kanban/backend/internal/http/handlers/error.go:17.51,18.44 1 1
github.com/cledupe/go-kanban/backend/internal/http/handlers/error.go:18.44,21.3 2 1
github.com/cledupe/go-kanban/backend/internal/http/handlers/error.go:22.2,22.40 1 1
github.com/cledupe/go-kanban/backend/internal/http/handlers/error.go:22.40,25.3 2 1
github.com/cledupe/go-kanban/backend/internal/http/handlers/error.go:26.2,26.40 1 0
github.com/cledupe/go-kanban/backend/internal/http/handlers/error.go:26.40,29.3 2 0
github.com/cledupe/go-kanban/backend/internal/http/handlers/error.go:30.2,30.86 1 0
