mode: set
github.com/cledupe/go-kanban/backend/cmd/api/main.go:13.13,17.58 3 1
github.com/cledupe/go-kanban/backend/cmd/api/main.go:17.58,19.3 1 1
github.com/cledupe/go-kanban/backend/cmd/api/main.go:22.115,24.16 2 1
github.com/cledupe/go-kanban/backend/cmd/api/main.go:24.16,26.3 1 1
github.com/cledupe/go-kanban/backend/cmd/api/main.go:28.2,28.22 1 1
github.com/cledupe/go-kanban/backend/internal/http/readiness.go:12.63,17.2 3 1
github.com/cledupe/go-kanban/backend/internal/http/router.go:5.31,9.2 3 1
github.com/cledupe/go-kanban/backend/internal/app/app.go:21.36,22.39 1 1
github.com/cledupe/go-kanban/backend/internal/app/app.go:22.39,24.3 1 1
github.com/cledupe/go-kanban/backend/internal/app/app.go:26.2,36.8 2 1
github.com/cledupe/go-kanban/backend/internal/app/app.go:39.49,41.16 2 1
github.com/cledupe/go-kanban/backend/internal/app/app.go:41.16,43.3 1 0
github.com/cledupe/go-kanban/backend/internal/app/app.go:45.2,46.12 2 1
github.com/cledupe/go-kanban/backend/internal/app/app.go:46.12,48.3 1 1
github.com/cledupe/go-kanban/backend/internal/app/app.go:50.2,50.9 1 1
github.com/cledupe/go-kanban/backend/internal/app/app.go:51.20,54.43 3 1
github.com/cledupe/go-kanban/backend/internal/app/app.go:55.22,56.43 1 1
github.com/cledupe/go-kanban/backend/internal/app/app.go:56.43,58.4 1 1
github.com/cledupe/go-kanban/backend/internal/app/app.go:59.3,59.13 1 1
github.com/cledupe/go-kanban/backend/internal/app/app.go:63.50,65.2 1 1
github.com/cledupe/go-kanban/backend/internal/app/app.go:67.38,69.2 1 1
github.com/cledupe/go-kanban/backend/internal/app/app.go:71.51,73.2 1 1
github.com/cledupe/go-kanban/backend/internal/app/config.go:16.42,18.2 1 1
github.com/cledupe/go-kanban/backend/internal/app/config.go:20.61,26.39 2 1
github.com/cledupe/go-kanban/backend/internal/app/config.go:26.39,28.3 1 1
github.com/cledupe/go-kanban/backend/internal/app/config.go:30.2,30.17 1 1
github.com/cledupe/go-kanban/backend/internal/app/config.go:33.34,34.18 1 1
github.com/cledupe/go-kanban/backend/internal/app/config.go:34.18,36.3 1 1
github.com/cledupe/go-kanban/backend/internal/app/config.go:38.2,38.18 1 1
github.com/cledupe/go-kanban/backend/internal/app/config.go:38.18,40.3 1 1
github.com/cledupe/go-kanban/backend/internal/app/config.go:42.2,43.16 2 1
github.com/cledupe/go-kanban/backend/internal/app/config.go:43.16,45.3 1 1
github.com/cledupe/go-kanban/backend/internal/app/config.go:47.2,47.30 1 1
github.com/cledupe/go-kanban/backend/internal/app/config.go:47.30,49.3 1 0
github.com/cledupe/go-kanban/backend/internal/app/config.go:51.2,51.12 1 1
github.com/cledupe/go-kanban/backend/internal/app/config.go:54.34,56.2 1 1
